<?xml version="1.0" encoding="UTF-8"?>
<testng-results ignored="0" total="2" passed="2" failed="0" skipped="0">
  <reporter-output>
  </reporter-output>
  <suite started-at="2022-12-02T20:28:29 WIB" name="Default suite" finished-at="2022-12-02T20:28:33 WIB" duration-ms="4022">
    <groups>
      <group name="cucumber">
        <method signature="AbstractTestNGCucumberTests.runScenario(io.cucumber.testng.PickleWrapper, io.cucumber.testng.FeatureWrapper)[pri:0, instance:com.dhimas.belajar.belajarcucumber.RunnerPostTest18@4efc180e]" name="runScenario" class="io.cucumber.testng.AbstractTestNGCucumberTests"/>
      </group> <!-- cucumber -->
    </groups>
    <test started-at="2022-12-02T20:28:29 WIB" name="Default test" finished-at="2022-12-02T20:28:33 WIB" duration-ms="4022">
      <class name="com.dhimas.belajar.belajarcucumber.RunnerPostTest18">
        <test-method is-config="true" signature="setUpClass()[pri:0, instance:com.dhimas.belajar.belajarcucumber.RunnerPostTest18@4efc180e]" started-at="2022-12-02T20:28:29 WIB" name="setUpClass" finished-at="2022-12-02T20:28:31 WIB" duration-ms="1795" status="PASS">
          <reporter-output>
          </reporter-output>
        </test-method> <!-- setUpClass -->
        <test-method signature="runScenario(io.cucumber.testng.PickleWrapper, io.cucumber.testng.FeatureWrapper)[pri:0, instance:com.dhimas.belajar.belajarcucumber.RunnerPostTest18@4efc180e]" started-at="2022-12-02T20:28:31 WIB" name="runScenario" description="Runs Cucumber Scenarios" data-provider="scenarios" finished-at="2022-12-02T20:28:33 WIB" duration-ms="2036" status="PASS">
          <params>
            <param index="0">
              <value>
                <![CDATA["test valid palidrom"]]>
              </value>
            </param>
            <param index="1">
              <value>
                <![CDATA["palidrom word"]]>
              </value>
            </param>
          </params>
          <reporter-output>
          </reporter-output>
        </test-method> <!-- runScenario -->
        <test-method signature="runScenario(io.cucumber.testng.PickleWrapper, io.cucumber.testng.FeatureWrapper)[pri:0, instance:com.dhimas.belajar.belajarcucumber.RunnerPostTest18@4efc180e]" started-at="2022-12-02T20:28:33 WIB" name="runScenario" description="Runs Cucumber Scenarios" data-provider="scenarios" finished-at="2022-12-02T20:28:33 WIB" duration-ms="19" status="PASS">
          <params>
            <param index="0">
              <value>
                <![CDATA["test invalid palidrom"]]>
              </value>
            </param>
            <param index="1">
              <value>
                <![CDATA["palidrom word"]]>
              </value>
            </param>
          </params>
          <reporter-output>
          </reporter-output>
        </test-method> <!-- runScenario -->
        <test-method is-config="true" signature="tearDownClass()[pri:0, instance:com.dhimas.belajar.belajarcucumber.RunnerPostTest18@4efc180e]" started-at="2022-12-02T20:28:33 WIB" name="tearDownClass" finished-at="2022-12-02T20:28:33 WIB" duration-ms="40" status="PASS">
          <reporter-output>
          </reporter-output>
        </test-method> <!-- tearDownClass -->
      </class> <!-- com.dhimas.belajar.belajarcucumber.RunnerPostTest18 -->
    </test> <!-- Default test -->
  </suite> <!-- Default suite -->
</testng-results>
